0 info it worked if it ends with ok
1 verbose cli [ '/home/ktabriga/infra/node-v6.0.0-linux-x64/bin/node',
1 verbose cli   '/home/ktabriga/infra/node-v6.0.0-linux-x64/bin/npm',
1 verbose cli   'start' ]
2 info using npm@3.8.6
3 info using node@v6.0.0
4 verbose run-script [ 'prestart', 'start', 'poststart' ]
5 info lifecycle sistema@0.0.0~prestart: sistema@0.0.0
6 silly lifecycle sistema@0.0.0~prestart: no script for prestart, continuing
7 info lifecycle sistema@0.0.0~start: sistema@0.0.0
8 verbose lifecycle sistema@0.0.0~start: unsafe-perm in lifecycle true
9 verbose lifecycle sistema@0.0.0~start: PATH: /home/ktabriga/infra/node-v6.0.0-linux-x64/lib/node_modules/npm/bin/node-gyp-bin:/home/ktabriga/projetos/amks/hoje/sistema/node_modules/.bin:/home/ktabriga/infra/node-v6.0.0-linux-x64/bin:/usr/local/sbin:/usr/local/bin:/usr/sbin:/usr/bin:/sbin:/bin:/usr/games:/usr/local/games:/home/ktabriga/infra/android-sdk-linux/platform-tools:/home/ktabriga/infra/android-sdk-linux/tools:/home/ktabriga/infra/android-sdk-linux/build-tools/22.0.1/:/home/ktabriga/infra/node-v6.0.0-linux-x64/bin:/home/ktabriga/infra/apache-maven-3.3.9/bin:/usr/local/sbin:/usr/local/bin:/usr/sbin:/usr/bin:/sbin:/bin:/usr/games:/usr/local/games:/home/ktabriga/infra/android-sdk-linux/platform-tools:/home/ktabriga/infra/android-sdk-linux/tools:/home/ktabriga/infra/android-sdk-linux/build-tools/22.0.1/:/home/ktabriga/infra/activator-dist-1.3.10/bin
10 verbose lifecycle sistema@0.0.0~start: CWD: /home/ktabriga/projetos/amks/hoje/sistema
11 silly lifecycle sistema@0.0.0~start: Args: [ '-c', 'node ./bin/www' ]
12 silly lifecycle sistema@0.0.0~start: Returned: code: 1  signal: null
13 info lifecycle sistema@0.0.0~start: Failed to exec start script
14 verbose stack Error: sistema@0.0.0 start: `node ./bin/www`
14 verbose stack Exit status 1
14 verbose stack     at EventEmitter.<anonymous> (/home/ktabriga/infra/node-v6.0.0-linux-x64/lib/node_modules/npm/lib/utils/lifecycle.js:239:16)
14 verbose stack     at emitTwo (events.js:106:13)
14 verbose stack     at EventEmitter.emit (events.js:191:7)
14 verbose stack     at ChildProcess.<anonymous> (/home/ktabriga/infra/node-v6.0.0-linux-x64/lib/node_modules/npm/lib/utils/spawn.js:24:14)
14 verbose stack     at emitTwo (events.js:106:13)
14 verbose stack     at ChildProcess.emit (events.js:191:7)
14 verbose stack     at maybeClose (internal/child_process.js:850:16)
14 verbose stack     at Process.ChildProcess._handle.onexit (internal/child_process.js:215:5)
15 verbose pkgid sistema@0.0.0
16 verbose cwd /home/ktabriga/projetos/amks/hoje/sistema
17 error Linux 3.19.0-59-generic
18 error argv "/home/ktabriga/infra/node-v6.0.0-linux-x64/bin/node" "/home/ktabriga/infra/node-v6.0.0-linux-x64/bin/npm" "start"
19 error node v6.0.0
20 error npm  v3.8.6
21 error code ELIFECYCLE
22 error sistema@0.0.0 start: `node ./bin/www`
22 error Exit status 1
23 error Failed at the sistema@0.0.0 start script 'node ./bin/www'.
23 error Make sure you have the latest version of node.js and npm installed.
23 error If you do, this is most likely a problem with the sistema package,
23 error not with npm itself.
23 error Tell the author that this fails on your system:
23 error     node ./bin/www
23 error You can get information on how to open an issue for this project with:
23 error     npm bugs sistema
23 error Or if that isn't available, you can get their info via:
23 error     npm owner ls sistema
23 error There is likely additional logging output above.
24 verbose exit [ 1, true ]
